FILE_TYPE=LIBRARY_PARTS;
PRIMITIVE 'ASCKCG00_NW5X5020302','ASCKCG00_NW5X5020302_Other';
  PIN
    'K':
      PIN_NUMBER='(1)';
      NO_LOAD_CHECK=BOTH;
      NO_IO_CHECK=BOTH;
      ALLOW_CONNECT=TRUE;
      PINUSE='UNSPEC';
    'A':
      PIN_NUMBER='(2)';
      NO_LOAD_CHECK=BOTH;
      NO_IO_CHECK=BOTH;
      ALLOW_CONNECT=TRUE;
      PINUSE='UNSPEC';
  END_PIN;
  BODY
    PART_NAME='ASCKCG00_NW5X5020302';
    PHYS_DES_PREFIX='LED';
    NO_LOAD_CHECK='TRUE';
    PIN_COUNT='2';
    BODY_NAME='ASCKCG00_NW5X5020302';
    JEDEC_TYPE='ASCKCG00NW5X5020302';
  END_BODY;
END_PRIMITIVE;
END.
